0	9900
18500	9900
18500	10500
39400	10500

0	1
0.00952	1
0.00952	10500
12500	10500
12500	9310
37400	9310

0	76300
351	76300
351	1400
401	1400
401	10200
39600	10200

0	1
0.0046	1
0.0046	10200
39500	10200

0	708
14.5	708
14.5	10300
39800	10300

0	25400
117	25400
117	9460
36700	9460

0	1
0.0046	1
0.0046	10100
39100	10100

0	94900
436	94900
436	1240
541	1240
541	10600
5260	10600
5260	10400
39900	10400

0	13400
274	13400
274	2270
379	2270
379	10800
12600	10800
12600	9310
37400	9310

0	26900
123	26900
123	9650
37400	9650

0	3770
101	3770
101	12100
6250	12100
6250	7130
11000	7130
11000	10100
38100	10100

0	9280
2890	9280
2890	11900
13400	11900
13400	1
13400	1
13400	12500
38400	12500

0	3840
36.6	3840
36.6	10200
39400	10200

0	1
0.0205	1
0.0205	10700
19800	10700
19800	9660
39100	9660

0	11600
661	11600
661	9880
38300	9880

0	8560
1710	8560
1710	11100
12800	11100
12800	3220
15000	3220
15000	11400
37800	11400

0	9570
6380	9570
6380	10400
39500	10400

0	1
0.00952	1
0.00952	10400
12300	10400
12300	9190
36900	9190

0	9510
11400	9510
11400	10600
39600	10600

0	7890
210	7890
210	10300
39800	10300

0	10400
3250	10400
3250	11700
9730	11700
9730	7000
16700	7000
16700	11100
38900	11100

0	9390
1640	9390
1640	10300
39600	10300

0	10500
19600	10500
19600	9500
38600	9500

0	10000
5340	10000
5340	10500
40400	10500

0	30800
142	30800
142	9250
6270	9250
6270	9920
38000	9920

0	38400
177	38400
177	8660
4750	8660
4750	11500
20100	11500
20100	9540
39200	9540

0	1
0.00952	1
0.00952	10000
38600	10000

0	10500
1600	10500
1600	9600
37300	9600

0	8770
894	8770
894	10100
38700	10100

0	60800
279	60800
279	8850
4960	8850
4960	12700
13400	12700
13400	902
14000	902
14000	12800
39600	12800

0	26200
120	26200
120	9870
38200	9870

0	10500
2790	10500
2790	11600
13700	11600
13700	1
13700	1
13700	12600
38800	12600

0	10400
3800	10400
3800	11900
13700	11900
13700	1090
14400	1090
14400	11700
37900	11700

0	11500
2640	11500
2640	9380
36800	9380

0	22900
105	22900
105	9880
38300	9880

0	11200
994	11200
994	9540
37000	9540

0	92400
425	92400
425	1600
509	1600
509	10100
39100	10100

0	35300
162	35300
162	10100
8830	10100
8830	11800
20600	11800
20600	9280
39200	9280

0	10500
9130	10500
9130	9700
38200	9700

0	93600
430	93600
430	2730
600	2730
600	10200
39200	10200

0	10400
6960	10400
6960	9680
37900	9680

0	12900
736	12900
736	6810
2470	6810
2470	11500
20400	11500
20400	9100
38600	9100

0	10000
12000	10000
12000	5310
15500	5310
15500	11500
38500	11500

0	37800
174	37800
174	9540
11600	9540
11600	10700
40100	10700

0	27800
128	27800
128	9880
38300	9880

0	9830
5240	9830
5240	1810
5850	1810
5850	15500
21400	15500
21400	9000
39400	9000

0	9850
18400	9850
18400	10400
39200	10400

0	11200
1140	11200
1140	10400
12600	10400
12600	4750
15700	4750
15700	11600
39000	11600

0	9810
398	9810
398	9030
2110	9030
2110	14000
11000	14000
11000	1
11000	1
11000	10300
38600	10300

0	55400
255	55400
255	7710
1760	7710
1760	10100
38900	10100

0	6890
184	6890
184	9610
11500	9610
11500	15500
21800	15500
21800	8210
38200	8210

0	9520
1900	9520
1900	10500
40400	10500

0	3830
36.5	3830
36.5	10100
38800	10100

0	9790
3590	9790
3590	8300
10500	8300
10500	17100
21900	17100
21900	8150
38200	8150

0	8420
748	8420
748	10200
39400	10200

0	9460
17700	9460
17700	10200
38000	10200

0	10400
19400	10400
19400	9800
39000	9800

0	2550
24.3	2550
24.3	10200
39400	10200

0	11800
908	11800
908	9600
37300	9600

0	3920
37.3	3920
37.3	9880
38200	9880

0	9910
8590	9910
8590	10500
40200	10500

0	8200
273	8200
273	10500
40600	10500

0	8820
428	8820
428	10200
12200	10200
12200	14500
21800	14500
21800	8490
38800	8490

0	11000
4820	11000
4820	9990
39100	9990

0	21100
96.8	21100
96.8	9590
37200	9590

0	3090
29.5	3090
29.5	10400
40000	10400

0	9600
1920	9600
1920	9120
11000	9120
11000	15600
21400	15600
21400	8310
38000	8310

0	9500
4160	9500
4160	10200
39000	10200

0	9770
18200	9770
18200	10700
39700	10700

0	10100
2340	10100
2340	9540
37000	9540

0	38700
178	38700
178	9400
8290	9400
8290	10200
38900	10200

0	87600
403	87600
403	1370
488	1370
488	9990
18500	9990
18500	10200
38900	10200

0	1040
15.4	1040
15.4	10900
5680	10900
5680	22800
8710	22800
8710	5110
14800	5110
14800	11600
38100	11600

0	29100
134	29100
134	10100
39100	10100

0	10600
19700	10600
19700	9830
39400	9830

0	102000
469	102000
469	2140
677	2140
677	12200
10000	12200
10000	1780
10600	1780
10600	9480
17000	9480
17000	11500
39900	11500

0	9760
2250	9760
2250	10700
41300	10700

0	57100
263	57100
263	6630
2660	6630
2660	27100
4600	27100
4600	10000
38900	10000

0	12400
826	12400
826	9840
38200	9840

0	10300
12300	10300
12300	5680
16100	5680
16100	11900
39900	11900

0	23600
108	23600
108	9810
38000	9810

0	27500
126	27500
126	9870
38200	9870

0	49200
226	49200
226	8400
3270	8400
3270	13000
7160	13000
7160	10600
41100	10600

0	77000
354	77000
354	803
389	803
389	10000
8570	10000
8570	10500
40100	10500

0	29300
135	29300
135	8750
5930	8750
5930	11100
19300	11100
19300	9600
38500	9600

0	63700
293	63700
293	6720
1050	6720
1050	9920
38200	9920

0	9340
1250	9340
1250	10200
39400	10200

0	1
0.0046	1
0.0046	10400
40200	10400

0	1
0.00952	1
0.00952	10300
39700	10300

0	22500
214	22500
214	7900
2600	7900
2600	11500
20400	11500
20400	9580
39600	9580

0	11500
768	11500
768	9670
37500	9670

0	1
0.0205	1
0.0205	10700
19700	10700
19700	9470
38600	9470

0	22000
101	22000
101	10000
38700	10000

0	9480
1900	9480
1900	10100
38900	10100

0	11700
2690	11700
2690	9810
38300	9810

0	375
3.57	375
3.57	10200
39200	10200

0	8040
820	8040
820	10200
39100	10200

0	98300
452	98300
452	1
452	1
452	13200
6130	13200
6130	10100
39900	10100

0	1070
10.2	1070
10.2	10200
39200	10200

0	10200
6830	10200
6830	9560
37400	9560

0	11100
2230	11100
2230	9590
37400	9590

0	11600
1180	11600
1180	9370
36500	9370

0	60000
276	60000
276	8470
10400	8470
10400	10500
38300	10500

0	9610
8330	9610
8330	10300
39100	10300

0	16000
328	16000
328	9660
8500	9660
8500	17900
14500	17900
14500	125
14600	125
14600	12200
39000	12200

0	10600
19700	10600
19700	9910
39500	9910

0	8950
796	8950
796	10400
19300	10400
19300	8910
37100	8910

0	9760
1300	9760
1300	10500
40400	10500

0	14500
298	14500
298	9700
37600	9700

0	9690
11600	9690
11600	10300
39200	10300

0	1
0.00952	1
0.00952	10200
39500	10200

0	48500
223	48500
223	8350
2780	8350
2780	10100
38600	10100

0	43900
202	43900
202	8850
4880	8850
4880	14400
14500	14400
14500	316
14700	316
14700	12500
39700	12500

0	31000
143	31000
143	10100
39300	10100

0	11500
2650	11500
2650	10100
39300	10100

0	4640
44.2	4640
44.2	10400
40100	10400

0	11000
979	11000
979	9120
17200	9120
17200	11200
39500	11200

0	10800
7190	10800
7190	10000
39300	10000

0	9040
2410	9040
2410	10000
38500	10000

0	10800
2870	10800
2870	9230
17600	9230
17600	11200
40000	11200

0	9060
699	9060
699	9430
11300	9430
11300	15500
21600	15500
21600	7690
37000	7690

0	11100
1940	11100
1940	6970
4440	6970
4440	26500
13300	26500
13300	631
13900	631
13900	12300
38500	12300

0	10000
5330	10000
5330	9430
36800	9430

0	30000
138	30000
138	9530
8350	9530
8350	10300
39200	10300

0	9140
1830	9140
1830	11200
13000	11200
13000	3120
15100	3120
15100	12100
39400	12100

0	96300
443	96300
443	1220
507	1220
507	10300
39600	10300

0	17.4
0.166	17.4
0.166	10600
6970	10600
6970	4190
9210	4190
9210	22200
24000	22200
24000	7630
39300	7630

0	936
8.91	936
8.91	10700
7070	10700
7070	21200
11300	21200
11300	4290
15600	4290
15600	11300
38300	11300

0	11300
1310	11300
1310	9970
38700	9970

0	41700
192	41700
192	7330
1620	7330
1620	11000
20000	11000
20000	9540
39100	9540

0	9150
17100	9150
17100	10600
38200	10600

0	9340
11200	9340
11200	9980
37800	9980

0	10200
151	10200
151	11000
1670	11000
1670	8830
16800	8830
16800	10500
37700	10500

0	10900
9450	10900
9450	1010
9790	1010
9790	19600
22900	19600
22900	8500
39900	8500

0	1
0.0046	1
0.0046	10600
41000	10600

0	10100
8730	10100
8730	9400
36900	9400

0	8960
5970	8960
5970	10200
38500	10200

0	11800
1050	11800
1050	9710
37700	9710

0	7800
446	7800
446	9640
37200	9640

0	102000
471	102000
471	433
493	433
493	10000
38700	10000

0	1
0.00952	1
0.00952	10500
19500	10500
19500	8910
37300	8910

0	84300
388	84300
388	1
388	1
388	13100
7360	13100
7360	10100
39600	10100

0	10100
18800	10100
18800	9440
37700	9440

0	23000
106	23000
106	10000
38800	10000

0	34000
156	34000
156	10200
39400	10200

0	10100
3710	10100
3710	11300
13200	11300
13200	3310
15400	3310
15400	11400
38200	11400

0	55400
255	55400
255	5060
822	5060
822	11100
20200	11100
20200	9360
38900	9360

0	24000
110	24000
110	9800
38000	9800

0	9860
11800	9860
11800	7570
16900	7570
16900	10900
38700	10900

0	20800
95.7	20800
95.7	10200
39400	10200

0	9880
1510	9880
1510	585
1530	585
1530	11000
19900	11000
19900	9300
38500	9300

0	13400
545	13400
545	138
556	138
556	12800
10200	12800
10200	4800
15000	4800
15000	12400
39700	12400

0	10600
2830	10600
2830	9670
37600	9670

0	34300
158	34300
158	9610
37300	9610

0	10200
8830	10200
8830	9750
38100	9750

0	33100
152	33100
152	8430
5730	8430
5730	11200
19200	11200
19200	9090
37300	9090

0	10500
4590	10500
4590	10000
38900	10000

0	9980
6660	9980
6660	14200
14300	14200
14300	232
14400	232
14400	12700
39800	12700

0	10600
1420	10600
1420	9650
37400	9650

0	9120
10900	9120
10900	10100
37800	10100

0	50100
230	50100
230	9230
6340	9230
6340	16300
15000	16300
15000	1
15000	1
15000	12100
39200	12100

0	1490
22.1	1490
22.1	13200
2870	13200
2870	7640
10300	7640
10300	18700
22700	18700
22700	8080
38900	8080

0	74400
342	74400
342	3700
889	3700
889	14100
3120	14100
3120	10200
39300	10200

0	8020
535	8020
535	10500
40600	10500

0	38900
179	38900
179	9940
38600	9940

0	7260
295	7260
295	10200
39200	10200

0	1950
65	1950
65	54400
889	54400
889	6790
5090	6790
5090	13000
20700	13000
20700	9070
38800	9070

0	265
2.52	265
2.52	9960
38400	9960

0	689
10.2	689
10.2	10000
38600	10000

0	9650
3000	9650
3000	10300
39800	10300

0	9550
2550	9550
2550	10200
39300	10200

0	959
9.13	959
9.13	11400
3450	11400
3450	9280
36500	9280

0	577
8.55	577
8.55	10100
12000	10100
12000	13100
20700	13100
20700	8850
38400	8850

0	10200
2730	10200
2730	13400
6310	13400
6310	8000
17000	8000
17000	11200
39400	11200

0	3850
36.7	3850
36.7	10700
12800	10700
12800	9410
37900	9410

0	10300
19200	10300
19200	9000
37200	9000

0	9550
6370	9550
6370	10300
39200	10300

0	27500
126	27500
126	9800
11800	9800
11800	5370
15400	5370
15400	11000
37500	11000

0	96700
444	96700
444	298
470	298
470	11700
3730	11700
3730	10000
38800	10000

0	734
6.99	734
6.99	10100
18700	10100
18700	9290
37300	9290

0	1
0.0046	1
0.0046	10200
39300	10200

0	1650
15.7	1650
15.7	10300
39700	10300

0	1
0.00952	1
0.00952	10100
39100	10100

0	9880
8570	9880
8570	10400
39700	10400

0	9710
11600	9710
11600	10200
39000	10200

0	13700
555	13700
555	9740
37800	9740

0	10100
5370	10100
5370	9500
37000	9500

0	1
0.00952	1
0.00952	10800
20000	10800
20000	9670
39300	9670

0	11300
1960	11300
1960	7760
9920	7760
9920	19900
23200	19900
23200	6890
37000	6890

0	10100
18900	10100
18900	9240
37400	9240

0	9900
18500	9900
18500	10600
39600	10600

0	11500
889	11500
889	9970
38700	9970

0	10300
8970	10300
8970	9880
38600	9880

0	9200
1230	9200
1230	10800
19900	10800
19900	10100
40000	10100

0	9980
2000	9980
2000	2720
2180	2720
2180	11500
20500	11500
20500	9690
39900	9690

0	10400
19400	10400
19400	9790
39000	9790

0	4470
42.5	4470
42.5	10400
40300	10400

0	9630
5140	9630
5140	10200
39000	10200

0	9290
6200	9290
6200	10100
38600	10100

0	11200
1000	11200
1000	4760
2060	4760
2060	12300
21200	12300
21200	9300
39800	9300

0	10700
2470	10700
2470	10100
39300	10100

0	9630
4220	9630
4220	10200
39200	10200

0	10000
4380	10000
4380	32200
7450	32200
7450	5970
15400	5970
15400	11200
37900	11200

0	109
1.04	109
1.04	10300
39800	10300

0	11200
1140	11200
1140	10200
39400	10200

0	78100
359	78100
359	1370
419	1370
419	10000
38800	10000

0	10200
2710	10200
2710	2500
2960	2500
2960	11700
20600	11700
20600	9260
39100	9260

0	1
0.0267	1
0.0267	10000
38500	10000

0	19400
89.2	19400
89.2	9600
37200	9600

0	1
0.0046	1
0.0046	9710
37500	9710

0	1
0.00952	1
0.00952	10600
19600	10600
19600	9220
38100	9220

0	10900
7250	10900
7250	9470
37600	9470

0	10500
12600	10500
12600	9940
39100	9940

0	9710
2590	9710
2590	9520
11500	9520
11500	14900
21400	14900
21400	8980
39400	8980

0	9660
8380	9660
8380	10400
39500	10400

0	9150
523	9150
523	47900
979	47900
979	8800
16800	8800
16800	10300
37500	10300

0	11800
315	11800
315	9760
37800	9760

0	10300
2380	10300
2380	9730
37700	9730

0	10500
3830	10500
3830	9580
37400	9580

0	224
3.32	224
3.32	11200
9570	11200
9570	7760
17300	7760
17300	10500
38200	10500

0	3550
33.8	3550
33.8	10400
40300	10400

0	9040
16900	9040
16900	10700
38300	10700

0	1
0.0046	1
0.0046	10300
39600	10300

0	10200
19100	10200
19100	9610
38300	9610

0	9830
3060	9830
3060	7690
5790	7690
5790	12500
20700	12500
20700	9090
38900	9090

0	10800
2160	10800
2160	10600
9250	10600
9250	7260
16500	7260
16500	11000
38400	11000

0	9750
11700	9750
11700	10300
39100	10300

0	10800
3950	10800
3950	9640
37700	9640

0	8780
1530	8780
1530	10100
38900	10100

0	11100
743	11100
743	9720
37700	9720

0	10200
682	10200
682	2150
866	2150
866	15300
11800	15300
11800	3030
14800	3030
14800	12000
38900	12000

0	26400
121	26400
121	9980
38700	9980

0	10300
8930	10300
8930	9480
37400	9480

0	10500
19500	10500
19500	9370
38300	9370

0	691
10.2	691
10.2	10400
39900	10400

0	10300
12400	10300
12400	12900
21000	12900
21000	8660
38300	8660

0	10500
9060	10500
9060	9770
38400	9770

0	22700
105	22700
105	9600
37200	9600

0	10200
6780	10200
6780	9400
36900	9400

0	13000
1000	13000
1000	9720
37800	9720

0	10200
6820	10200
6820	9620
37600	9620

0	10400
4540	10400
4540	9880
38400	9880

0	9830
4310	9830
4310	8270
10600	8270
10600	16300
21500	16300
21500	8670
38800	8670

0	9790
18300	9790
18300	11000
40200	11000

0	8830
901	8830
901	10200
39300	10200

0	9420
3450	9420
3450	4490
4800	4490
4800	13200
20600	13200
20600	9480
39600	9480

0	37300
172	37300
172	9550
6500	9550
6500	10300
39300	10300

0	11100
1490	11100
1490	9720
37800	9720

0	9540
17800	9540
17800	11000
39900	11000

0	9840
3060	9840
3060	10600
19600	10600
19600	9270
38100	9270

0	8200
547	8200
547	9950
38400	9950

0	46200
212	46200
212	8450
3270	8450
3270	9960
38100	9960

0	9650
6440	9650
6440	10400
39600	10400

0	12400
503	12400
503	9840
38200	9840

0	77700
357	77700
357	2160
452	2160
452	9740
37600	9740

0	32000
147	32000
147	9630
18100	9630
18100	10400
38900	10400

0	8240
840	8240
840	9230
6050	9230
6050	11500
19800	11500
19800	8850
37500	8850

0	4500
92.3	4500
92.3	10500
40300	10500

0	1
0.0046	1
0.0046	9840
8490	9840
8490	11600
20100	11600
20100	8640
37400	8640

0	27100
125	27100
125	9960
18700	9960
18700	10800
40200	10800

0	342
3.26	342
3.26	16100
1090	16100
1090	8260
5960	8260
5960	10500
39600	10500

0	23500
108	23500
108	9940
38500	9940

0	9790
6530	9790
6530	10300
39400	10300

0	22500
104	22500
104	9820
38000	9820

0	35300
162	35300
162	10100
39100	10100

0	338
3.22	338
3.22	10400
19300	10400
19300	9080
37400	9080

0	9080
4840	9080
4840	10700
40500	10700

0	11400
555	11400
555	10100
39200	10100

0	9710
8410	9710
8410	11400
19800	11400
19800	8640
37100	8640

0	10600
7050	10600
7050	9870
38600	9870

0	1
0.00952	1
0.00952	11400
7520	11400
7520	8410
17600	8410
17600	10000
37600	10000

0	9940
18600	9940
18600	10700
39900	10700

0	10400
1810	10400
1810	9530
37000	9530

0	38000
175	38000
175	5450
876	5450
876	10700
19500	10700
19500	9280
38000	9280

0	10300
5480	10300
5480	9610
37500	9610

0	8180
397	8180
397	10600
9080	10600
9080	7720
16800	7720
16800	11600
40000	11600

0	4200
40	4200
40	10000
38700	10000

0	1
0.0046	1
0.0046	10300
39600	10300

0	28600
132	28600
132	9960
38600	9960

0	10200
19000	10200
19000	9290
37600	9290

0	11700
667	11700
667	10200
39400	10200

0	33500
154	33500
154	9520
17900	9520
17900	10600
39100	10600

0	9540
4180	9540
4180	10400
39700	10400

0	33000
152	33000
152	9880
38300	9880

0	1
0.00952	1
0.00952	10900
20200	10900
20200	9790
39800	9790

0	1
0.0046	1
0.0046	10100
39100	10100

0	45000
207	45000
207	9810
38100	9810

0	9620
18000	9620
18000	10200
38300	10200

0	49200
226	49200
226	8030
2040	8030
2040	12700
10100	12700
10100	6240
16300	6240
16300	12100
40600	12100

0	25400
117	25400
117	9690
37600	9690

0	9350
1630	9350
1630	9990
11900	9990
11900	16000
22500	16000
22500	9010
40600	9010

0	19700
90.4	19700
90.4	9850
38100	9850

0	24300
112	24300
112	9720
37600	9720

0	69800
321	69800
321	7720
2340	7720
2340	10000
38400	10000

0	8960
1790	8960
1790	10100
38800	10100

0	1
0.00952	1
0.00952	10200
39200	10200

0	1
0.00952	1
0.00952	9730
37500	9730

0	9610
3520	9610
3520	8270
10400	8270
10400	20000
23700	20000
23700	8260
40200	8260

0	10200
12300	10200
12300	5360
15800	5360
15800	11700
39300	11700

0	82500
379	82500
379	2910
947	2910
947	16400
4860	16400
4860	9590
37700	9590

0	65800
302	65800
302	4420
1300	4420
1300	23600
3210	23600
3210	9770
38000	9770

0	11100
1700	11100
1700	9960
38700	9960

0	9590
4200	9590
4200	12200
13500	12200
13500	2870
15400	2870
15400	11800
39100	11800

0	1
0.00952	1
0.00952	12500
3770	12500
3770	8960
17700	8960
17700	10700
39100	10700

0	558
8.27	558
8.27	10500
40600	10500

0	1
0.00952	1
0.00952	10100
39100	10100

0	2330
22.2	2330
22.2	10200
39400	10200

0	9350
3430	9350
3430	10500
40300	10500

0	8750
1750	8750
1750	9870
37900	9870

0	2400
35.5	2400
35.5	12300
1730	12300
1730	9710
37800	9710

0	10100
783	10100
783	19000
1530	19000
1530	9230
17700	9230
17700	10900
39500	10900

0	11300
1150	11300
1150	9910
38500	9910

0	9570
17900	9570
17900	10300
38400	10300

0	16200
540	16200
540	9820
38200	9820

0	10100
3710	10100
3710	30100
5860	30100
5860	7000
15900	7000
15900	10900
37600	10900

0	10300
4530	10300
4530	9350
36600	9350

0	10400
8990	10400
8990	9770
38300	9770

0	1
0.00952	1
0.00952	10500
19600	10500
19600	9780
39200	9780

0	10300
19200	10300
19200	9370
37900	9370

0	10900
1270	10900
1270	6120
2800	6120
2800	11800
20600	11800
20600	9530
39600	9530

0	1
0.00952	1
0.00952	10300
19100	10300
19100	9190
37400	9190

0	120000
550	120000
550	348
579	348
579	9910
38000	9910

0	11000
1920	11000
1920	1
1920	1
1920	13200
22400	13200
22400	8980
40400	8980

0	10200
1780	10200
1780	1
1780	1
1780	11400
20500	11400
20500	9590
39600	9590

0	9430
4130	9430
4130	10600
40500	10600

0	2670
25.4	2670
25.4	9960
38500	9960

0	27600
127	27600
127	9800
38000	9800

0	318
3.03	318
3.03	10800
20000	10800
20000	9230
38500	9230

0	11600
776	11600
776	9770
37900	9770

0	11500
1180	11500
1180	9930
38600	9930

0	20600
94.6	20600
94.6	10000
38800	10000

0	10200
19100	10200
19100	9380
37800	9380

0	10500
9080	10500
9080	9780
38400	9780

0	9830
18300	9830
18300	10800
40000	10800

0	9500
4160	9500
4160	21100
8980	21100
8980	5070
15100	5070
15100	10900
36800	10900

0	9600
17900	9600
17900	11200
40300	11200

0	3980
106	3980
106	19600
1090	19600
1090	9340
17800	9340
17800	11100
39900	11100

0	2710
25.8	2710
25.8	10200
39300	10200

0	1
0.00952	1
0.00952	10100
12000	10100
12000	11700
19800	11700
19800	8900
37600	8900

0	1
0.0148	1
0.0148	10800
20000	10800
20000	8940
37900	8940

0	8960
1360	8960
1360	10300
39800	10300

0	9390
1880	9390
1880	10200
39400	10200

0	95100
437	95100
437	3120
664	3120
664	10000
38700	10000

0	6750
64.3	6750
64.3	8020
1390	8020
1390	14100
11100	14100
11100	3960
15100	3960
15100	12200
39600	12200

0	1
0.00952	1
0.00952	11000
13100	11000
13100	9330
38000	9330

0	1
0.0046	1
0.0046	10300
39700	10300

0	62800
289	62800
289	6340
749	6340
749	9710
6470	9710
6470	12000
20900	12000
20900	9330
39600	9330

0	9380
5000	9380
5000	10000
38500	10000

0	8920
1780	8920
1780	10900
12700	10900
12700	3640
15100	3640
15100	11700
38600	11700

0	43000
198	43000
198	9570
18000	9570
18000	10600
39100	10600

0	191
2.83	191
2.83	9750
37600	9750

0	9540
3500	9540
3500	10600
40500	10600

0	23100
106	23100
106	9650
37400	9650

0	9520
6340	9520
6340	10100
38600	10100

0	9610
2560	9610
2560	10200
39200	10200

0	96300
443	96300
443	1760
552	1760
552	10100
39100	10100

0	9270
8030	9270
8030	10000
38100	10000

0	1
0.0046	1
0.0046	10200
39400	10200

0	9550
1670	9550
1670	10300
39800	10300

0	22300
102	22300
102	9840
38100	9840

0	11200
997	11200
997	10100
39100	10100

0	11000
1910	11000
1910	10000
12200	10000
12200	6050
16200	6050
16200	10900
38000	10900

0	1
0.00952	1
0.00952	10500
12500	10500
12500	9800
38700	9800

0	96200
442	96200
442	1920
543	1920
543	10800
12900	10800
12900	3630
15300	3630
15300	11800
39000	11800

0	6160
126	6160
126	9770
11600	9770
11600	14100
21100	14100
21100	8110
37300	8110

0	1
0.0046	1
0.0046	10100
38900	10100

0	10400
6950	10400
6950	9530
37500	9530

0	42200
194	42200
194	9890
38400	9890

0	40600
187	40600
187	8260
1800	8260
1800	11500
13300	11500
13300	2340
14900	2340
14900	12200
39300	12200

0	9750
5200	9750
5200	10400
40000	10400

0	9260
2130	9260
2130	8800
10700	8800
10700	17100
22000	17100
22000	7930
37900	7930

0	23900
110	23900
110	10200
39600	10200

0	10400
4560	10400
4560	9920
38600	9920

0	9690
2590	9690
2590	8580
7730	8580
7730	13000
20700	13000
20700	8730
38200	8730

0	10400
2080	10400
2080	9820
38100	9820

0	5860
120	5860
120	9980
38500	9980

0	74100
341	74100
341	3730
612	3730
612	10300
19000	10300
19000	9470
37900	9470

0	11400
1160	11400
1160	10100
39100	10100

0	2060
54.9	2060
54.9	34400
806	34400
806	8800
8000	8800
8000	10100
38400	10100

0	14000
207	14000
207	9860
38200	9860

0	1
0.00952	1
0.00952	10600
12700	10600
12700	9440
37800	9440

0	11600
110	11600
110	7880
1850	7880
1850	14600
11100	14600
11100	3840
15000	3840
15000	11700
38400	11700

0	37900
174	37900
174	9340
6350	9340
6350	10400
39600	10400

0	24100
111	24100
111	10100
39200	10100

0	75200
346	75200
346	439
361	439
361	9950
38400	9950

0	2320
22.1	2320
22.1	10200
39300	10200

0	1
0.00952	1
0.00952	10300
12300	10300
12300	9350
37200	9350

0	9800
18300	9800
18300	10700
39600	10700

0	20800
95.4	20800
95.4	10100
39000	10100

0	639
6.09	639
6.09	10300
39700	10300

0	9010
1050	9010
1050	10300
39600	10300

0	13700
366	13700
366	9620
37300	9620

0	41800
192	41800
192	9200
5060	9200
5060	13500
14000	13500
14000	170
14200	170
14200	12500
39100	12500

0	1
0.0148	1
0.0148	11800
3500	11800
3500	9160
36100	9160

0	94300
434	94300
434	765
532	765
532	16200
2690	16200
2690	9990
38700	9990

0	811
7.72	811
7.72	11500
4130	11500
4130	9300
36700	9300

0	8380
855	8380
855	10800
41700	10800

0	2890
27.5	2890
27.5	10100
38900	10100

0	1
0.0046	1
0.0046	15100
1270	15100
1270	7790
3990	7790
3990	10500
40100	10500

0	9220
1610	9220
1610	9560
11400	9560
11400	14100
20800	14100
20800	8810
38400	8810

0	1
0.00952	1
0.00952	10300
39700	10300

0	187
3.83	187
3.83	14600
2250	14600
2250	8420
10900	8420
10900	10300
38200	10300

0	8080
1080	8080
1080	10100
38700	10100

0	10500
19500	10500
19500	9800
39100	9800

0	3050
29	3050
29	10100
39200	10100

0	51000
235	51000
235	8490
3910	8490
3910	10200
39000	10200

0	9530
8260	9530
8260	10100
38500	10100

0	10200
4480	10200
4480	9640
37500	9640

0	2730
40.5	2730
40.5	10100
38900	10100

0	16800
248	16800
248	10100
39100	10100

0	9550
2200	9550
2200	10400
40000	10400

0	29700
136	29700
136	9450
17700	9450
17700	10500
38800	10500

0	10600
19700	10600
19700	9020
37700	9020

0	13900
563	13900
563	9920
38500	9920

0	19900
91.5	19900
91.5	10000
38700	10000

0	32400
149	32400
149	9850
38200	9850

0	11200
749	11200
749	2290
863	2290
863	11400
13200	11400
13200	9760
39200	9760

0	32900
151	32900
151	10000
38800	10000

0	1
0.0046	1
0.0046	10200
39300	10200

0	10300
8890	10300
8890	9770
38200	9770

0	1
0.00952	1
0.00952	10700
19900	10700
19900	8960
37800	8960

0	22300
102	22300
102	9610
37200	9610

0	9890
11900	9890
11900	12300
20100	12300
20100	8780
37600	8780

0	9840
11800	9840
11800	5290
15300	5290
15300	11500
38400	11500

0	10500
5610	10500
5610	9720
38000	9720

0	10300
12400	10300
12400	9850
38700	9850

0	1
0.00952	1
0.00952	9960
38400	9960

0	4610
123	4610
123	10300
39600	10300

0	78300
360	78300
360	5560
984	5560
984	10700
19700	10700
19700	9610
38900	9610

0	1
0.00952	1
0.00952	11000
13100	11000
13100	9910
39500	9910

0	1
0.0148	1
0.0148	10800
12800	10800
12800	9980
39400	9980

0	30700
141	30700
141	9750
37800	9750

0	12900
265	12900
265	8970
4870	8970
4870	10700
40500	10700

0	177
1.68	177
1.68	10100
4340	10100
4340	8870
34700	8870

0	82400
379	82400
379	542
408	542
408	9580
8170	9580
8170	10500
39700	10500

0	9380
1880	9380
1880	10300
39500	10300

0	355
5.25	355
5.25	10600
40700	10600

0	71700
330	71700
330	5610
1160	5610
1160	10600
12300	10600
12300	6470
16600	6470
16600	11100
38700	11100

0	10800
3960	10800
3960	10100
39300	10100

0	10900
5810	10900
5810	9360
37000	9360

0	91400
420	91400
420	5170
1090	5170
1090	10400
19000	10400
19000	9470
38000	9470

0	1660
34	1660
34	14900
1720	14900
1720	8620
16700	8620
16700	10300
37200	10300

0	1370
13	1370
13	9910
38200	9910

0	10500
2790	10500
2790	10600
12600	10600
12600	2100
14000	2100
14000	11600
37200	11600

0	7220
481	7220
481	10000
38700	10000

0	1
0.00952	1
0.00952	10800
9260	10800
9260	9580
38000	9580

0	1580
23.4	1580
23.4	10500
40400	10500

0	9220
940	9220
940	10300
39900	10300

0	255
2.43	255
2.43	10100
38800	10100

0	94300
434	94300
434	273
480	273
480	64800
2140	64800
2140	10000
38800	10000

0	6080
469	6080
469	30200
2740	30200
2740	2940
4850	2940
4850	29700
14700	29700
14700	9490
40100	9490

0	9380
6250	9380
6250	10500
39700	10500

0	8840
901	8840
901	10200
39500	10200

0	307
4.55	307
4.55	10800
12800	10800
12800	3970
15400	3970
15400	12200
39900	12200

0	24000
111	24000
111	9970
6710	9970
6710	9290
36400	9290

0	1
0.0046	1
0.0046	10000
38600	10000

0	1
0.00952	1
0.00952	10100
39100	10100

0	9700
8410	9700
8410	10500
39800	10500

0	9700
2590	9700
2590	10400
40200	10400

0	10600
4660	10600
4660	9690
37900	9690

0	19700
90.7	19700
90.7	9880
38300	9880

0	2040
30.3	2040
30.3	9990
38500	9990

0	10400
3230	10400
3230	9490
37000	9490

0	9290
4070	9290
4070	10000
38400	10000

0	10600
12700	10600
12700	9860
39000	9860

0	1290
43	1290
43	26600
1210	26600
1210	8680
16700	8680
16700	11400
39400	11400

0	1
0.0148	1
0.0148	10300
12200	10300
12200	9240
36900	9240

0	10100
2020	10100
2020	22900
3550	22900
3550	8420
17000	8420
17000	10800
38700	10800

0	9700
18100	9700
18100	10400
39000	10400

0	10300
5510	10300
5510	16700
11100	16700
11100	4280
15300	4280
15300	11200
37700	11200

0	12400
956	12400
956	9680
18300	9680
18300	10500
39300	10500

0	11100
2560	11100
2560	2120
3010	2120
3010	23400
13000	23400
13000	109
13100	109
13100	12300
37800	12300

0	2700
90	2700
90	10200
39200	10200

0	9220
4920	9220
4920	10200
38800	10200

0	9820
8510	9820
8510	9000
35500	9000

0	6150
205	6150
205	10100
11900	10100
11900	12900
20500	12900
20500	8950
38400	8950

0	47700
219	47700
219	9780
38000	9780

0	1270
18.9	1270
18.9	10100
38900	10100

0	19900
91.4	19900
91.4	9900
38300	9900

0	8900
907	8900
907	10000
38600	10000

0	9320
8080	9320
8080	10100
38400	10100

0	59400
273	59400
273	2200
487	2200
487	11000
19800	11000
19800	9080
38000	9080

0	20500
94.1	20500
94.1	10300
39900	10300

0	90100
414	90100
414	1600
687	1600
687	58600
2190	58600
2190	9970
38700	9970

0	10400
1390	10400
1390	3830
2280	3830
2280	12300
20700	12300
20700	8760
38200	8760

0	27900
128	27900
128	9520
36900	9520

0	30700
141	30700
141	9490
17800	9490
17800	11200
40200	11200

0	2400
22.8	2400
22.8	10000
38700	10000

0	10500
19700	10500
19700	9760
39200	9760

0	12100
1610	12100
1610	9910
12200	9910
12200	5850
16100	5850
16100	10800
37700	10800

0	9330
720	9330
720	59600
1420	59600
1420	8770
17000	8770
17000	10800
38700	10800

0	15500
147	15500
147	10200
39700	10200

0	10500
7020	10500
7020	9640
37900	9640

0	9550
2550	9550
2550	8050
7380	8050
7380	14100
21500	14100
21500	8050
37600	8050

0	1
0.0148	1
0.0148	11800
7680	11800
7680	7450
16600	7450
16600	10400
37500	10400

0	1180
17.5	1180
17.5	10100
38800	10100

0	8830
3240	8830
3240	10800
41100	10800

0	10300
6870	10300
6870	9660
37800	9660

0	23700
226	23700
226	601
249	601
249	11400
9560	11400
9560	9580
38300	9580

0	88100
405	88100
405	1490
484	1490
484	9980
38500	9980

0	21900
101	21900
101	9520
17800	9520
17800	10700
39200	10700

0	9140
2440	9140
2440	9850
37900	9850

0	29800
137	29800
137	10100
39000	10100

0	10800
1650	10800
1650	10000
38800	10000

0	9970
12000	9970
12000	12100
20100	12100
20100	8930
37900	8930

0	26800
123	26800
123	9820
38100	9820

0	10200
5420	10200
5420	9310
36400	9310

0	10400
1060	10400
1060	9700
11700	9700
11700	6770
16200	6770
16200	10500
37200	10500

0	14600
300	14600
300	10200
39600	10200

0	10300
2050	10300
2050	11800
7550	11800
7550	6190
15000	6190
15000	11700
38300	11700

0	9890
18500	9890
18500	10700
39800	10700

0	1
0.00952	1
0.00952	11000
4700	11000
4700	10200
39700	10200

0	9520
4170	9520
4170	24400
6490	24400
6490	6680
15400	6680
15400	10500
36300	10500

0	11700
1370	11700
1370	9840
38300	9840

0	10600
5650	10600
5650	9490
37300	9490

0	88.1
1.3	88.1
1.3	14100
3040	14100
3040	8790
17400	8790
17400	10800
39000	10800

0	11000
2200	11000
2200	9910
38500	9910

0	10300
5510	10300
5510	9620
37600	9620

0	4870
162	4870
162	10300
12200	10300
12200	9490
37500	9490

0	1
0.0046	1
0.0046	9750
37600	9750

0	10100
6740	10100
6740	9650
37600	9650

0	9770
3580	9770
3580	30200
5740	30200
5740	7480
16400	7480
16400	10800
38100	10800

0	10300
8890	10300
8890	96.4
8920	96.4
8920	19200
21800	19200
21800	8010
37800	8010

0	19400
89.1	19400
89.1	9600
37200	9600

0	1
0.0148	1
0.0148	12200
4310	12200
4310	8410
16900	8410
16900	10300
37500	10300

0	10500
1070	10500
1070	783
1120	783
1120	14200
15700	14200
15700	190
15800	190
15800	11600
39000	11600

0	10000
12100	10000
12100	13500
21000	13500
21000	8790
38600	8790

0	3730
35.6	3730
35.6	10100
38900	10100

0	9730
4260	9730
4260	1
4260	1
4260	13900
20900	13900
20900	8760
38400	8760

0	12200
695	12200
695	9900
18600	9900
18600	10600
39900	10600

0	10100
5380	10100
5380	8790
17100	8790
17100	11400
39800	11400

0	9800
4290	9800
4290	10300
39600	10300

0	469
4.47	469
4.47	10300
19100	10300
19100	9440
38000	9440

0	6560
219	6560
219	11700
7630	11700
7630	8390
17700	8390
17700	10400
38500	10400

0	10100
18800	10100
18800	8970
36700	8970

0	9660
3540	9660
3540	10900
19900	10900
19900	8530
36900	8530

0	9270
2880	9270
2880	10100
39000	10100

0	2840
42	2840
42	10000
38700	10000

0	2560
11.8	2560
11.8	14300
1220	14300
1220	7790
3940	7790
3940	10800
40800	10800

0	2890
96.3	2890
96.3	26700
1270	26700
1270	6560
5140	6560
5140	13500
21400	13500
21400	9100
39600	9100

0	85400
393	85400
393	275
403	275
403	9830
38000	9830

0	9880
4330	9880
4330	2940
5000	2940
5000	13300
21000	13300
21000	8680
38400	8680

0	10300
3200	10300
3200	10800
12800	10800
12800	4970
16100	4970
16100	11200
38500	11200

0	9570
1280	9570
1280	10700
19800	10700
19800	9360
38500	9360

0	9360
1630	9360
1630	10000
38700	10000

0	9830
4310	9830
4310	10300
39600	10300

0	283
1.3	283
1.3	10100
39100	10100

0	10700
1860	10700
1860	9870
38300	9870

0	35900
165	35900
165	9630
18100	9630
18100	10400
38900	10400

0	38800
178	38800
178	9520
17900	9520
17900	11000
39900	11000

0	7670
372	7670
372	10300
12300	10300
12300	9600
37900	9600

0	15300
409	15300
409	9850
38200	9850

0	43600
200	43600
200	9280
17500	9280
17500	10200
37800	10200

0	8450
343	8450
343	10100
39200	10100

0	43200
199	43200
199	7830
3030	7830
3030	11600
20500	11600
20500	9320
39200	9320

0	8960
4780	8960
4780	10200
38600	10200

0	10300
2750	10300
2750	10500
12500	10500
12500	3050
14600	3050
14600	11100
36800	11100

0	11300
1320	11300
1320	6530
3420	6530
3420	12400
21100	12400
21100	9180
39500	9180

0	11200
864	11200
864	9030
7990	9030
7990	461
8140	461
8140	21500
22500	21500
22500	8550
39600	8550

0	9830
4310	9830
4310	30200
7190	30200
7190	6700
16100	6700
16100	11200
38500	11200

0	9330
17400	9330
17400	10500
38300	10500

0	1680
24.9	1680
24.9	10100
38700	10100

0	1720
16.4	1720
16.4	10000
38600	10000

0	10300
19200	10300
19200	10900
41000	10900

0	1860
27.5	1860
27.5	9980
38500	9980

0	57800
266	57800
266	7030
2110	7030
2110	11400
8950	11400
8950	11000
20000	11000
20000	8540
37000	8540

0	10400
6920	10400
6920	9850
38400	9850

0	10300
5500	10300
5500	9510
37200	9510

0	9420
8170	9420
8170	10200
38900	10200

0	10600
2450	10600
2450	1180
2610	1180
2610	12400
21200	12400
21200	9110
39400	9110

0	1
0.00952	1
0.00952	9860
38000	9860

0	2670
25.4	2670
25.4	10000
38700	10000

0	151
1.44	151
1.44	10300
39600	10300

0	25300
116	25300
116	9850
38200	9850

0	1
0.00952	1
0.00952	18500
720	18500
720	9310
17600	9310
17600	11100
39800	11100

0	9760
5210	9760
5210	10300
39500	10300

0	6510
868	6510
868	10400
39700	10400

0	9110
3340	9110
3340	9730
37400	9730

0	1
0.00952	1
0.00952	11700
6140	11700
6140	9860
12700	9860
12700	5250
16200	5250
16200	11000
38300	11000

0	1710
35	1710
35	9690
37300	9690

0	12200
696	12200
696	9640
11700	9640
11700	15900
22300	15900
22300	8650
39600	8650

0	3880
36.9	3880
36.9	10600
19700	10600
19700	9350
38400	9350

0	550
5.24	550
5.24	12100
3120	12100
3120	9470
37200	9470

0	19900
190	19900
190	9870
38300	9870

0	119000
546	119000
546	1110
614	1110
614	10200
39300	10200

0	8990
799	8990
799	10000
38800	10000

0	10600
1840	10600
1840	9640
37400	9640

0	1510
14.4	1510
14.4	9830
37900	9830

0	11400
883	11400
883	9720
37700	9720

0	99600
458	99600
458	631
497	631
497	10200
39100	10200

0	9780
18300	9780
18300	10500
39300	10500

0	11300
3000	11300
3000	1470
3400	1470
3400	14800
23200	14800
23200	8870
40900	8870

0	1
0.00952	1
0.00952	12100
5200	12100
5200	8440
17300	8440
17300	10700
38600	10700

0	574
11.8	574
11.8	10400
39800	10400

0	1
0.00952	1
0.00952	12500
1780	12500
1780	9710
37900	9710

0	917
13.6	917
13.6	10200
39200	10200

0	8780
2730	8780
2730	10300
39500	10300

0	9300
2480	9300
2480	8900
10800	8900
10800	19100
23500	19100
23500	8060
39600	8060

0	10100
8770	10100
8770	10600
40500	10600

0	1
0.0046	1
0.0046	14300
1600	14300
1600	512
1660	512
1660	10900
19600	10900
19600	9010
37600	9010

0	1470
14	1470
14	10700
12700	10700
12700	9430
37900	9430

0	11800
785	11800
785	9860
38200	9860

0	3320
31.6	3320
31.6	10200
39500	10200

0	9830
8520	9830
8520	10300
39400	10300

0	43100
198	43100
198	8120
4490	8120
4490	11600
20000	11600
20000	9300
38600	9300

0	10900
3400	10900
3400	7280
9870	7280
9870	19300
22700	19300
22700	7570
37900	7570

0	9830
1500	9830
1500	8600
3950	8600
3950	11900
20900	11900
20900	9370
39700	9370

0	250
2.38	250
2.38	10500
12500	10500
12500	12300
20700	12300
20700	9490
39700	9490

0	24900
115	24900
115	10100
39200	10100

0	12600
720	12600
720	9480
17900	9480
17900	10300
38500	10300

0	1
0.0148	1
0.0148	16600
1230	16600
1230	9030
17300	9030
17300	10400
38000	10400

0	10600
1080	10600
1080	1430
1180	1430
1180	11900
9450	11900
9450	9520
38000	9520

0	9150
610	9150
610	10200
39300	10200

0	16700
342	16700
342	8510
5840	8510
5840	11700
19900	11700
19900	9520
38900	9520

0	12100
1080	12100
1080	9990
38800	9990

0	3290
31.3	3290
31.3	10700
7070	10700
7070	9630
37900	9630

0	7100
237	7100
237	9900
38200	9900

0	10600
4650	10600
4650	2060
5530	2060
5530	16900
22400	16900
22400	8380
39200	8380

0	10900
1120	10900
1120	9680
37500	9680

0	27000
124	27000
124	9940
38500	9940

0	15000
308	15000
308	9640
37400	9640

0	10400
5540	10400
5540	9700
37900	9700

0	7350
979	7350
979	75000
2410	75000
2410	6290
4210	6290
4210	13200
14300	13200
14300	242
14400	242
14400	12400
39200	12400

0	10000
5340	10000
5340	11100
20100	11100
20100	9300
38700	9300

0	22200
102	22200
102	11300
1560	11300
1560	402
1610	402
1610	13500
14200	13500
14200	2690
16000	2690
16000	11900
39800	11900

0	69600
320	69600
320	7190
1540	7190
1540	10000
38500	10000

0	10300
4530	10300
4530	9820
38200	9820

0	3060
29.2	3060
29.2	10500
5550	10500
5550	9350
36700	9350

0	9740
18200	9740
18200	10300
38800	10300

0	10100
18800	10100
18800	9540
37900	9540

0	29900
137	29900
137	10300
3290	10300
3290	8810
17000	8810
17000	10700
38500	10700

0	9960
18600	9960
18600	9280
37100	9280

0	22000
101	22000
101	10000
38900	10000

0	1
0.0046	1
0.0046	10000
38800	10000

0	5810
119	5810
119	13500
2200	13500
2200	9340
18000	9340
18000	10600
39200	10600

0	1820
17.3	1820
17.3	10300
39800	10300

0	11000
1920	11000
1920	10300
39800	10300

0	11400
555	11400
555	9960
38600	9960

0	1
0.0485	1
0.0485	131000
1130	131000
1130	7750
7410	7750
7410	10600
39100	10600

0	2900
27.6	2900
27.6	10800
4680	10800
4680	9340
36700	9340

0	44.1
1.47	44.1
1.47	108000
786	108000
786	8350
7690	8350
7690	10300
38500	10300

0	23300
107	23300
107	9610
37200	9610

0	10700
1870	10700
1870	10600
12700	10600
12700	2050
14100	2050
14100	12000
38100	12000

0	8660
1150	8660
1150	9480
11300	9480
11300	15500
21600	15500
21600	8420
38400	8420

0	29500
136	29500
136	9590
37200	9590

0	11100
1480	11100
1480	11000
9580	11000
9580	7030
16600	7030
16600	11500
39600	11500

0	9030
1380	9030
1380	10100
39100	10100

0	5930
198	5930
198	10300
39700	10300

0	57200
263	57200
263	9090
3050	9090
3050	10200
39300	10200

0	4690
69.6	4690
69.6	10100
39100	10100

0	22600
104	22600
104	10000
18800	10000
18800	9180
37100	9180

0	13900
465	13900
465	9730
18300	9730
18300	10400
39000	10400

0	9570
11500	9570
11500	12200
19600	12200
19600	8500
36600	8500

0	1
0.0046	1
0.0046	10000
38700	10000

0	9390
11300	9390
11300	10000
38000	10000

0	1
0.0148	1
0.0148	10400
19200	10400
19200	8570
36300	8570

0	219
2.08	219
2.08	10100
38900	10100

0	10200
19100	10200
19100	9520
38100	9520

0	9840
3610	9840
3610	13900
10500	13900
10500	3590
14100	3590
14100	11800
37700	11800

0	10600
3890	10600
3890	8700
16900	8700
16900	11300
39500	11300

0	10800
3350	10800
3350	8150
10600	8150
10600	16800
21800	16800
21800	8350
38500	8350

0	22500
103	22500
103	9680
18100	9680
18100	10700
39500	10700

0	48100
221	48100
221	8040
1590	8040
1590	10100
39000	10100

0	8840
1350	8840
1350	10600
40800	10600

0	41500
191	41500
191	8800
6020	8800
6020	11900
20300	11900
20300	9650
39600	9650

0	10000
18700	10000
18700	9430
37500	9430

0	25800
246	25800
246	9390
5160	9390
5160	12700
13600	12700
13600	1
13600	1
13600	12300
38300	12300

0	10600
9190	10600
9190	10100
39500	10100

0	9100
702	9100
702	10500
40300	10500

0	9420
4130	9420
4130	10300
39300	10300

0	12700
261	12700
261	9660
37400	9660

0	1
0.00952	1
0.00952	11400
4890	11400
4890	9450
37300	9450

0	24900
114	24900
114	9890
38300	9890

0	1
0.0046	1
0.0046	10600
19800	10600
19800	9200
38200	9200

0	8780
1760	8780
1760	10000
38600	10000

0	7540
34.7	7540
34.7	12300
2450	12300
2450	1880
2890	1880
2890	12300
20400	12300
20400	9300
39000	9300

0	10900
1460	10900
1460	9840
38200	9840

0	46200
212	46200
212	9310
11300	9310
11300	10700
39700	10700

0	8860
2760	8860
2760	10300
39300	10300

0	10700
1430	10700
1430	9950
38600	9950

0	89500
411	89500
411	5230
1180	5230
1180	10600
19400	10600
19400	9810
39100	9810

0	8800
587	8800
587	9870
38100	9870

0	8550
1140	8550
1140	10400
40000	10400

0	105000
482	105000
482	869
545	869
545	10100
38800	10100

0	83900
386	83900
386	1530
466	1530
466	10600
12600	10600
12600	4200
15400	4200
15400	11400
38200	11400

0	21600
99.5	21600
99.5	9690
37500	9690

0	913
8.7	913
8.7	10200
39300	10200

0	420
1.93	420
1.93	10300
39900	10300

0	1
0.00952	1
0.00952	11500
7550	11500
7550	10400
13100	10400
13100	4590
16200	4590
16200	10800
37800	10800

0	10100
18900	10100
18900	9510
37900	9510

0	9680
18100	9680
18100	10600
39400	10600

0	9070
1810	9070
1810	10100
38800	10100

0	9820
3050	9820
3050	10500
40500	10500
